# JRE version: OpenJDK Runtime Environment Temurin-21.0.8+9 (21.0.8+9) (build 21.0.8+9-LTS)
# Java VM: OpenJDK 64-Bit Server VM Temurin-21.0.8+9 (21.0.8+9-LTS, mixed mode, sharing, tiered, compressed oops, compressed class ptrs, parallel gc, windows-amd64)
GC Precious Log:
 CardTable entry size: 512
 CPUs: 8 total, 8 available
 Memory: 5965M
 Large Page Support: Disabled
 NUMA Support: Disabled
 Compressed Oops: Enabled (32-bit)
 Alignments: Space 512K, Generation 512K, Heap 2M
 Heap Min Capacity: 100M
 Heap Initial Capacity: 100M
 Heap Max Capacity: 2G
 Pre-touch: Disabled
 Parallel Workers: 8
Heap:
 PSYoungGen      total 4608K, used 1365K [0x00000000d5580000, 0x00000000d6000000, 0x0000000100000000)
  eden space 4096K, 31% used [0x00000000d5580000,0x00000000d56bd7b0,0x00000000d5980000)
  from space 512K, 18% used [0x00000000d5f80000,0x00000000d5f98000,0x00000000d6000000)
  to   space 512K, 0% used [0x00000000d5f00000,0x00000000d5f00000,0x00000000d5f80000)
 ParOldGen       total 1121280K, used 1120946K [0x0000000080000000, 0x00000000c4700000, 0x00000000d5580000)
  object space 1121280K, 99% used [0x0000000080000000,0x00000000c46acb58,0x00000000c4700000)
 Metaspace       used 86067K, committed 87616K, reserved 1179648K
  class space    used 8616K, committed 9408K, reserved 1048576K
GC Heap History (20 events):
Event: 175128.230 GC heap before
{Heap before GC invocations=5277 (full 6):
 PSYoungGen      total 4608K, used 4256K [0x00000000d5580000, 0x00000000d6000000, 0x0000000100000000)
  eden space 4096K, 100% used [0x00000000d5580000,0x00000000d5980000,0x00000000d5980000)
  from space 512K, 31% used [0x00000000d5f80000,0x00000000d5fa8000,0x00000000d6000000)
  to   space 512K, 0% used [0x00000000d5f00000,0x00000000d5f00000,0x00000000d5f80000)
 ParOldGen       total 1121280K, used 1120778K [0x0000000080000000, 0x00000000c4700000, 0x00000000d5580000)
  object space 1121280K, 99% used [0x0000000080000000,0x00000000c4682b58,0x00000000c4700000)
 Metaspace       used 86066K, committed 87616K, reserved 1179648K
  class space    used 8616K, committed 9408K, reserved 1048576K
}
Event: 175128.234 GC heap after
{Heap after GC invocations=5277 (full 6):
 PSYoungGen      total 4608K, used 224K [0x00000000d5580000, 0x00000000d6000000, 0x0000000100000000)
  eden space 4096K, 0% used [0x00000000d5580000,0x00000000d5580000,0x00000000d5980000)
  from space 512K, 43% used [0x00000000d5f00000,0x00000000d5f38000,0x00000000d5f80000)
  to   space 512K, 0% used [0x00000000d5f80000,0x00000000d5f80000,0x00000000d6000000)
 ParOldGen       total 1121280K, used 1120802K [0x0000000080000000, 0x00000000c4700000, 0x00000000d5580000)
  object space 1121280K, 99% used [0x0000000080000000,0x00000000c4688b58,0x00000000c4700000)
 Metaspace       used 86066K, committed 87616K, reserved 1179648K
  class space    used 8616K, committed 9408K, reserved 1048576K
}
Event: 175133.472 GC heap before
{Heap before GC invocations=5278 (full 6):
 PSYoungGen      total 4608K, used 4320K [0x00000000d5580000, 0x00000000d6000000, 0x0000000100000000)
  eden space 4096K, 100% used [0x00000000d5580000,0x00000000d5980000,0x00000000d5980000)
  from space 512K, 43% used [0x00000000d5f00000,0x00000000d5f38000,0x00000000d5f80000)
  to   space 512K, 0% used [0x00000000d5f80000,0x00000000d5f80000,0x00000000d6000000)
 ParOldGen       total 1121280K, used 1120802K [0x0000000080000000, 0x00000000c4700000, 0x00000000d5580000)
  object space 1121280K, 99% used [0x0000000080000000,0x00000000c4688b58,0x00000000c4700000)
 Metaspace       used 86066K, committed 87616K, reserved 1179648K
  class space    used 8616K, committed 9408K, reserved 1048576K
}
Event: 175133.476 GC heap after
{Heap after GC invocations=5278 (full 6):
 PSYoungGen      total 4608K, used 224K [0x00000000d5580000, 0x00000000d6000000, 0x0000000100000000)
  eden space 4096K, 0% used [0x00000000d5580000,0x00000000d5580000,0x00000000d5980000)
  from space 512K, 43% used [0x00000000d5f80000,0x00000000d5fb8000,0x00000000d6000000)
  to   space 512K, 0% used [0x00000000d5f00000,0x00000000d5f00000,0x00000000d5f80000)
 ParOldGen       total 1121280K, used 1120810K [0x0000000080000000, 0x00000000c4700000, 0x00000000d5580000)
  object space 1121280K, 99% used [0x0000000080000000,0x00000000c468ab58,0x00000000c4700000)
 Metaspace       used 86066K, committed 87616K, reserved 1179648K
  class space    used 8616K, committed 9408K, reserved 1048576K
}
Event: 178667.648 GC heap before
{Heap before GC invocations=5279 (full 6):
 PSYoungGen      total 4608K, used 4319K [0x00000000d5580000, 0x00000000d6000000, 0x0000000100000000)
  eden space 4096K, 99% used [0x00000000d5580000,0x00000000d597ffa0,0x00000000d5980000)
  from space 512K, 43% used [0x00000000d5f80000,0x00000000d5fb8000,0x00000000d6000000)
  to   space 512K, 0% used [0x00000000d5f00000,0x00000000d5f00000,0x00000000d5f80000)
 ParOldGen       total 1121280K, used 1120810K [0x0000000080000000, 0x00000000c4700000, 0x00000000d5580000)
  object space 1121280K, 99% used [0x0000000080000000,0x00000000c468ab58,0x00000000c4700000)
 Metaspace       used 86067K, committed 87616K, reserved 1179648K
  class space    used 8616K, committed 9408K, reserved 1048576K
}
Event: 178667.916 GC heap after
{Heap after GC invocations=5279 (full 6):
 PSYoungGen      total 4608K, used 224K [0x00000000d5580000, 0x00000000d6000000, 0x0000000100000000)
  eden space 4096K, 0% used [0x00000000d5580000,0x00000000d5580000,0x00000000d5980000)
  from space 512K, 43% used [0x00000000d5f00000,0x00000000d5f38000,0x00000000d5f80000)
  to   space 512K, 0% used [0x00000000d5f80000,0x00000000d5f80000,0x00000000d6000000)
 ParOldGen       total 1121280K, used 1120826K [0x0000000080000000, 0x00000000c4700000, 0x00000000d5580000)
  object space 1121280K, 99% used [0x0000000080000000,0x00000000c468eb58,0x00000000c4700000)
 Metaspace       used 86067K, committed 87616K, reserved 1179648K
  class space    used 8616K, committed 9408K, reserved 1048576K
}
Event: 193048.107 GC heap before
{Heap before GC invocations=5280 (full 6):
 PSYoungGen      total 4608K, used 4320K [0x00000000d5580000, 0x00000000d6000000, 0x0000000100000000)
  eden space 4096K, 100% used [0x00000000d5580000,0x00000000d5980000,0x00000000d5980000)
  from space 512K, 43% used [0x00000000d5f00000,0x00000000d5f38000,0x00000000d5f80000)
  to   space 512K, 0% used [0x00000000d5f80000,0x00000000d5f80000,0x00000000d6000000)
 ParOldGen       total 1121280K, used 1120826K [0x0000000080000000, 0x00000000c4700000, 0x00000000d5580000)
  object space 1121280K, 99% used [0x0000000080000000,0x00000000c468eb58,0x00000000c4700000)
 Metaspace       used 86067K, committed 87616K, reserved 1179648K
  class space    used 8616K, committed 9408K, reserved 1048576K
}
Event: 193048.451 GC heap after
{Heap after GC invocations=5280 (full 6):
 PSYoungGen      total 4608K, used 192K [0x00000000d5580000, 0x00000000d6000000, 0x0000000100000000)
  eden space 4096K, 0% used [0x00000000d5580000,0x00000000d5580000,0x00000000d5980000)
  from space 512K, 37% used [0x00000000d5f80000,0x00000000d5fb0000,0x00000000d6000000)
  to   space 512K, 0% used [0x00000000d5f00000,0x00000000d5f00000,0x00000000d5f80000)
 ParOldGen       total 1121280K, used 1120858K [0x0000000080000000, 0x00000000c4700000, 0x00000000d5580000)
  object space 1121280K, 99% used [0x0000000080000000,0x00000000c4696b58,0x00000000c4700000)
 Metaspace       used 86067K, committed 87616K, reserved 1179648K
  class space    used 8616K, committed 9408K, reserved 1048576K
}
Event: 193050.027 GC heap before
{Heap before GC invocations=5281 (full 6):
 PSYoungGen      total 4608K, used 4288K [0x00000000d5580000, 0x00000000d6000000, 0x0000000100000000)
  eden space 4096K, 100% used [0x00000000d5580000,0x00000000d5980000,0x00000000d5980000)
  from space 512K, 37% used [0x00000000d5f80000,0x00000000d5fb0000,0x00000000d6000000)
  to   space 512K, 0% used [0x00000000d5f00000,0x00000000d5f00000,0x00000000d5f80000)
 ParOldGen       total 1121280K, used 1120858K [0x0000000080000000, 0x00000000c4700000, 0x00000000d5580000)
  object space 1121280K, 99% used [0x0000000080000000,0x00000000c4696b58,0x00000000c4700000)
 Metaspace       used 86067K, committed 87616K, reserved 1179648K
  class space    used 8616K, committed 9408K, reserved 1048576K
}
Event: 193050.032 GC heap after
{Heap after GC invocations=5281 (full 6):
 PSYoungGen      total 4608K, used 32K [0x00000000d5580000, 0x00000000d6000000, 0x0000000100000000)
  eden space 4096K, 0% used [0x00000000d5580000,0x00000000d5580000,0x00000000d5980000)
  from space 512K, 6% used [0x00000000d5f00000,0x00000000d5f08000,0x00000000d5f80000)
  to   space 512K, 0% used [0x00000000d5f80000,0x00000000d5f80000,0x00000000d6000000)
 ParOldGen       total 1121280K, used 1120898K [0x0000000080000000, 0x00000000c4700000, 0x00000000d5580000)
  object space 1121280K, 99% used [0x0000000080000000,0x00000000c46a0b58,0x00000000c4700000)
 Metaspace       used 86067K, committed 87616K, reserved 1179648K
  class space    used 8616K, committed 9408K, reserved 1048576K
}
Event: 210181.857 GC heap before
{Heap before GC invocations=5282 (full 6):
 PSYoungGen      total 4608K, used 4128K [0x00000000d5580000, 0x00000000d6000000, 0x0000000100000000)
  eden space 4096K, 100% used [0x00000000d5580000,0x00000000d5980000,0x00000000d5980000)
  from space 512K, 6% used [0x00000000d5f00000,0x00000000d5f08000,0x00000000d5f80000)
  to   space 512K, 0% used [0x00000000d5f80000,0x00000000d5f80000,0x00000000d6000000)
 ParOldGen       total 1121280K, used 1120898K [0x0000000080000000, 0x00000000c4700000, 0x00000000d5580000)
  object space 1121280K, 99% used [0x0000000080000000,0x00000000c46a0b58,0x00000000c4700000)
 Metaspace       used 86067K, committed 87616K, reserved 1179648K
  class space    used 8616K, committed 9408K, reserved 1048576K
}
Event: 210181.862 GC heap after
{Heap after GC invocations=5282 (full 6):
 PSYoungGen      total 4608K, used 32K [0x00000000d5580000, 0x00000000d6000000, 0x0000000100000000)
  eden space 4096K, 0% used [0x00000000d5580000,0x00000000d5580000,0x00000000d5980000)
  from space 512K, 6% used [0x00000000d5f80000,0x00000000d5f88000,0x00000000d6000000)
  to   space 512K, 0% used [0x00000000d5f00000,0x00000000d5f00000,0x00000000d5f80000)
 ParOldGen       total 1121280K, used 1120906K [0x0000000080000000, 0x00000000c4700000, 0x00000000d5580000)
  object space 1121280K, 99% used [0x0000000080000000,0x00000000c46a2b58,0x00000000c4700000)
 Metaspace       used 86067K, committed 87616K, reserved 1179648K
  class space    used 8616K, committed 9408K, reserved 1048576K
}
Event: 210181.897 GC heap before
{Heap before GC invocations=5283 (full 6):
 PSYoungGen      total 4608K, used 4128K [0x00000000d5580000, 0x00000000d6000000, 0x0000000100000000)
  eden space 4096K, 100% used [0x00000000d5580000,0x00000000d5980000,0x00000000d5980000)
  from space 512K, 6% used [0x00000000d5f80000,0x00000000d5f88000,0x00000000d6000000)
  to   space 512K, 0% used [0x00000000d5f00000,0x00000000d5f00000,0x00000000d5f80000)
 ParOldGen       total 1121280K, used 1120906K [0x0000000080000000, 0x00000000c4700000, 0x00000000d5580000)
  object space 1121280K, 99% used [0x0000000080000000,0x00000000c46a2b58,0x00000000c4700000)
 Metaspace       used 86067K, committed 87616K, reserved 1179648K
  class space    used 8616K, committed 9408K, reserved 1048576K
}
Event: 210181.900 GC heap after
{Heap after GC invocations=5283 (full 6):
 PSYoungGen      total 4608K, used 32K [0x00000000d5580000, 0x00000000d6000000, 0x0000000100000000)
  eden space 4096K, 0% used [0x00000000d5580000,0x00000000d5580000,0x00000000d5980000)
  from space 512K, 6% used [0x00000000d5f00000,0x00000000d5f08000,0x00000000d5f80000)
  to   space 512K, 0% used [0x00000000d5f80000,0x00000000d5f80000,0x00000000d6000000)
 ParOldGen       total 1121280K, used 1120906K [0x0000000080000000, 0x00000000c4700000, 0x00000000d5580000)
  object space 1121280K, 99% used [0x0000000080000000,0x00000000c46a2b58,0x00000000c4700000)
 Metaspace       used 86067K, committed 87616K, reserved 1179648K
  class space    used 8616K, committed 9408K, reserved 1048576K
}
Event: 213096.158 GC heap before
{Heap before GC invocations=5284 (full 6):
 PSYoungGen      total 4608K, used 4128K [0x00000000d5580000, 0x00000000d6000000, 0x0000000100000000)
  eden space 4096K, 100% used [0x00000000d5580000,0x00000000d5980000,0x00000000d5980000)
  from space 512K, 6% used [0x00000000d5f00000,0x00000000d5f08000,0x00000000d5f80000)
  to   space 512K, 0% used [0x00000000d5f80000,0x00000000d5f80000,0x00000000d6000000)
 ParOldGen       total 1121280K, used 1120906K [0x0000000080000000, 0x00000000c4700000, 0x00000000d5580000)
  object space 1121280K, 99% used [0x0000000080000000,0x00000000c46a2b58,0x00000000c4700000)
 Metaspace       used 86067K, committed 87616K, reserved 1179648K
  class space    used 8616K, committed 9408K, reserved 1048576K
}
Event: 213096.359 GC heap after
{Heap after GC invocations=5284 (full 6):
 PSYoungGen      total 4608K, used 192K [0x00000000d5580000, 0x00000000d6000000, 0x0000000100000000)
  eden space 4096K, 0% used [0x00000000d5580000,0x00000000d5580000,0x00000000d5980000)
  from space 512K, 37% used [0x00000000d5f80000,0x00000000d5fb0000,0x00000000d6000000)
  to   space 512K, 0% used [0x00000000d5f00000,0x00000000d5f00000,0x00000000d5f80000)
 ParOldGen       total 1121280K, used 1120906K [0x0000000080000000, 0x00000000c4700000, 0x00000000d5580000)
  object space 1121280K, 99% used [0x0000000080000000,0x00000000c46a2b58,0x00000000c4700000)
 Metaspace       used 86067K, committed 87616K, reserved 1179648K
  class space    used 8616K, committed 9408K, reserved 1048576K
}
Event: 221359.842 GC heap before
{Heap before GC invocations=5285 (full 6):
 PSYoungGen      total 4608K, used 4288K [0x00000000d5580000, 0x00000000d6000000, 0x0000000100000000)
  eden space 4096K, 100% used [0x00000000d5580000,0x00000000d5980000,0x00000000d5980000)
  from space 512K, 37% used [0x00000000d5f80000,0x00000000d5fb0000,0x00000000d6000000)
  to   space 512K, 0% used [0x00000000d5f00000,0x00000000d5f00000,0x00000000d5f80000)
 ParOldGen       total 1121280K, used 1120906K [0x0000000080000000, 0x00000000c4700000, 0x00000000d5580000)
  object space 1121280K, 99% used [0x0000000080000000,0x00000000c46a2b58,0x00000000c4700000)
 Metaspace       used 86067K, committed 87616K, reserved 1179648K
  class space    used 8616K, committed 9408K, reserved 1048576K
}
Event: 221360.080 GC heap after
{Heap after GC invocations=5285 (full 6):
 PSYoungGen      total 4608K, used 160K [0x00000000d5580000, 0x00000000d6000000, 0x0000000100000000)
  eden space 4096K, 0% used [0x00000000d5580000,0x00000000d5580000,0x00000000d5980000)
  from space 512K, 31% used [0x00000000d5f00000,0x00000000d5f28000,0x00000000d5f80000)
  to   space 512K, 0% used [0x00000000d5f80000,0x00000000d5f80000,0x00000000d6000000)
 ParOldGen       total 1121280K, used 1120906K [0x0000000080000000, 0x00000000c4700000, 0x00000000d5580000)
  object space 1121280K, 99% used [0x0000000080000000,0x00000000c46a2b58,0x00000000c4700000)
 Metaspace       used 86067K, committed 87616K, reserved 1179648K
  class space    used 8616K, committed 9408K, reserved 1048576K
}
Event: 227560.496 GC heap before
{Heap before GC invocations=5286 (full 6):
 PSYoungGen      total 4608K, used 4255K [0x00000000d5580000, 0x00000000d6000000, 0x0000000100000000)
  eden space 4096K, 99% used [0x00000000d5580000,0x00000000d597ffd0,0x00000000d5980000)
  from space 512K, 31% used [0x00000000d5f00000,0x00000000d5f28000,0x00000000d5f80000)
  to   space 512K, 0% used [0x00000000d5f80000,0x00000000d5f80000,0x00000000d6000000)
 ParOldGen       total 1121280K, used 1120906K [0x0000000080000000, 0x00000000c4700000, 0x00000000d5580000)
  object space 1121280K, 99% used [0x0000000080000000,0x00000000c46a2b58,0x00000000c4700000)
 Metaspace       used 86067K, committed 87616K, reserved 1179648K
  class space    used 8616K, committed 9408K, reserved 1048576K
}
Event: 227560.594 GC heap after
{Heap after GC invocations=5286 (full 6):
 PSYoungGen      total 4608K, used 96K [0x00000000d5580000, 0x00000000d6000000, 0x0000000100000000)
  eden space 4096K, 0% used [0x00000000d5580000,0x00000000d5580000,0x00000000d5980000)
  from space 512K, 18% used [0x00000000d5f80000,0x00000000d5f98000,0x00000000d6000000)
  to   space 512K, 0% used [0x00000000d5f00000,0x00000000d5f00000,0x00000000d5f80000)
 ParOldGen       total 1121280K, used 1120946K [0x0000000080000000, 0x00000000c4700000, 0x00000000d5580000)
  object space 1121280K, 99% used [0x0000000080000000,0x00000000c46acb58,0x00000000c4700000)
 Metaspace       used 86067K, committed 87616K, reserved 1179648K
  class space    used 8616K, committed 9408K, reserved 1048576K
}

